::1 - - [12/Feb/2019:09:46:36 +0000] "GET / HTTP/1.1" 200 - "-" "Mozilla/5.0 (Windows NT 6.1; Win64; x64) AppleWebKit/537.36 (KHTML, like Gecko) Chrome/72.0.3626.96 Safari/537.36"
::1 - - [12/Feb/2019:09:46:36 +0000] "GET /css/main.css HTTP/1.1" 200 - "http://localhost:3000/" "Mozilla/5.0 (Windows NT 6.1; Win64; x64) AppleWebKit/537.36 (KHTML, like Gecko) Chrome/72.0.3626.96 Safari/537.36"
::1 - - [12/Feb/2019:09:46:36 +0000] "GET /css/product.css HTTP/1.1" 200 - "http://localhost:3000/" "Mozilla/5.0 (Windows NT 6.1; Win64; x64) AppleWebKit/537.36 (KHTML, like Gecko) Chrome/72.0.3626.96 Safari/537.36"
::1 - - [12/Feb/2019:09:46:36 +0000] "GET /images/358Z_book3.jpg HTTP/1.1" 200 2580259 "http://localhost:3000/" "Mozilla/5.0 (Windows NT 6.1; Win64; x64) AppleWebKit/537.36 (KHTML, like Gecko) Chrome/72.0.3626.96 Safari/537.36"
::1 - - [12/Feb/2019:09:46:36 +0000] "GET /js/main.js HTTP/1.1" 200 - "http://localhost:3000/" "Mozilla/5.0 (Windows NT 6.1; Win64; x64) AppleWebKit/537.36 (KHTML, like Gecko) Chrome/72.0.3626.96 Safari/537.36"
::1 - - [12/Feb/2019:09:46:36 +0000] "GET /images/877Z_book4.jpg HTTP/1.1" 200 2529389 "http://localhost:3000/" "Mozilla/5.0 (Windows NT 6.1; Win64; x64) AppleWebKit/537.36 (KHTML, like Gecko) Chrome/72.0.3626.96 Safari/537.36"
::1 - - [12/Feb/2019:09:46:37 +0000] "GET /images/favicon.ico HTTP/1.1" 200 318 "http://localhost:3000/" "Mozilla/5.0 (Windows NT 6.1; Win64; x64) AppleWebKit/537.36 (KHTML, like Gecko) Chrome/72.0.3626.96 Safari/537.36"
::1 - - [12/Feb/2019:09:52:34 +0000] "GET / HTTP/1.1" 200 - "-" "Mozilla/5.0 (Windows NT 6.1; Win64; x64) AppleWebKit/537.36 (KHTML, like Gecko) Chrome/72.0.3626.96 Safari/537.36"
::1 - - [12/Feb/2019:09:52:34 +0000] "GET /css/product.css HTTP/1.1" 200 - "http://localhost:3000/" "Mozilla/5.0 (Windows NT 6.1; Win64; x64) AppleWebKit/537.36 (KHTML, like Gecko) Chrome/72.0.3626.96 Safari/537.36"
::1 - - [12/Feb/2019:09:52:34 +0000] "GET /css/main.css HTTP/1.1" 200 - "http://localhost:3000/" "Mozilla/5.0 (Windows NT 6.1; Win64; x64) AppleWebKit/537.36 (KHTML, like Gecko) Chrome/72.0.3626.96 Safari/537.36"
::1 - - [12/Feb/2019:09:52:34 +0000] "GET /images/358Z_book3.jpg HTTP/1.1" 200 2580259 "http://localhost:3000/" "Mozilla/5.0 (Windows NT 6.1; Win64; x64) AppleWebKit/537.36 (KHTML, like Gecko) Chrome/72.0.3626.96 Safari/537.36"
::1 - - [12/Feb/2019:09:52:34 +0000] "GET /images/877Z_book4.jpg HTTP/1.1" 200 2529389 "http://localhost:3000/" "Mozilla/5.0 (Windows NT 6.1; Win64; x64) AppleWebKit/537.36 (KHTML, like Gecko) Chrome/72.0.3626.96 Safari/537.36"
::1 - - [12/Feb/2019:09:52:34 +0000] "GET /js/main.js HTTP/1.1" 200 - "http://localhost:3000/" "Mozilla/5.0 (Windows NT 6.1; Win64; x64) AppleWebKit/537.36 (KHTML, like Gecko) Chrome/72.0.3626.96 Safari/537.36"
::1 - - [12/Feb/2019:09:52:34 +0000] "GET /images/favicon.ico HTTP/1.1" 200 318 "http://localhost:3000/" "Mozilla/5.0 (Windows NT 6.1; Win64; x64) AppleWebKit/537.36 (KHTML, like Gecko) Chrome/72.0.3626.96 Safari/537.36"
::1 - - [12/Feb/2019:10:50:19 +0000] "GET / HTTP/1.1" 200 - "https://localhost:3000/" "Mozilla/5.0 (Windows NT 6.1; Win64; x64) AppleWebKit/537.36 (KHTML, like Gecko) Chrome/72.0.3626.96 Safari/537.36"
::1 - - [12/Feb/2019:10:50:19 +0000] "GET /css/main.css HTTP/1.1" 200 - "https://localhost:3000/" "Mozilla/5.0 (Windows NT 6.1; Win64; x64) AppleWebKit/537.36 (KHTML, like Gecko) Chrome/72.0.3626.96 Safari/537.36"
::1 - - [12/Feb/2019:10:50:19 +0000] "GET /css/product.css HTTP/1.1" 200 - "https://localhost:3000/" "Mozilla/5.0 (Windows NT 6.1; Win64; x64) AppleWebKit/537.36 (KHTML, like Gecko) Chrome/72.0.3626.96 Safari/537.36"
::1 - - [12/Feb/2019:10:50:21 +0000] "GET /images/877Z_book4.jpg HTTP/1.1" 200 2529389 "https://localhost:3000/" "Mozilla/5.0 (Windows NT 6.1; Win64; x64) AppleWebKit/537.36 (KHTML, like Gecko) Chrome/72.0.3626.96 Safari/537.36"
::1 - - [12/Feb/2019:10:50:21 +0000] "GET /js/main.js HTTP/1.1" 200 - "https://localhost:3000/" "Mozilla/5.0 (Windows NT 6.1; Win64; x64) AppleWebKit/537.36 (KHTML, like Gecko) Chrome/72.0.3626.96 Safari/537.36"
::1 - - [12/Feb/2019:10:50:21 +0000] "GET /images/358Z_book3.jpg HTTP/1.1" 200 2580259 "https://localhost:3000/" "Mozilla/5.0 (Windows NT 6.1; Win64; x64) AppleWebKit/537.36 (KHTML, like Gecko) Chrome/72.0.3626.96 Safari/537.36"
::1 - - [12/Feb/2019:10:50:30 +0000] "GET /images/favicon.ico HTTP/1.1" 200 318 "https://localhost:3000/" "Mozilla/5.0 (Windows NT 6.1; Win64; x64) AppleWebKit/537.36 (KHTML, like Gecko) Chrome/72.0.3626.96 Safari/537.36"
::1 - - [12/Feb/2019:14:08:30 +0000] "GET / HTTP/1.1" 200 - "https://localhost:3000/" "Mozilla/5.0 (Windows NT 6.1; Win64; x64) AppleWebKit/537.36 (KHTML, like Gecko) Chrome/72.0.3626.96 Safari/537.36"
::1 - - [12/Feb/2019:14:08:30 +0000] "GET /css/main.css HTTP/1.1" 200 - "https://localhost:3000/" "Mozilla/5.0 (Windows NT 6.1; Win64; x64) AppleWebKit/537.36 (KHTML, like Gecko) Chrome/72.0.3626.96 Safari/537.36"
::1 - - [12/Feb/2019:14:08:30 +0000] "GET /css/product.css HTTP/1.1" 200 - "https://localhost:3000/" "Mozilla/5.0 (Windows NT 6.1; Win64; x64) AppleWebKit/537.36 (KHTML, like Gecko) Chrome/72.0.3626.96 Safari/537.36"
::1 - - [12/Feb/2019:14:08:30 +0000] "GET /images/358Z_book3.jpg HTTP/1.1" 200 2580259 "https://localhost:3000/" "Mozilla/5.0 (Windows NT 6.1; Win64; x64) AppleWebKit/537.36 (KHTML, like Gecko) Chrome/72.0.3626.96 Safari/537.36"
::1 - - [12/Feb/2019:14:08:31 +0000] "GET /js/main.js HTTP/1.1" 200 - "https://localhost:3000/" "Mozilla/5.0 (Windows NT 6.1; Win64; x64) AppleWebKit/537.36 (KHTML, like Gecko) Chrome/72.0.3626.96 Safari/537.36"
::1 - - [12/Feb/2019:14:08:31 +0000] "GET /images/877Z_book4.jpg HTTP/1.1" 200 2529389 "https://localhost:3000/" "Mozilla/5.0 (Windows NT 6.1; Win64; x64) AppleWebKit/537.36 (KHTML, like Gecko) Chrome/72.0.3626.96 Safari/537.36"
::1 - - [12/Feb/2019:14:08:32 +0000] "GET /images/favicon.ico HTTP/1.1" 200 318 "https://localhost:3000/" "Mozilla/5.0 (Windows NT 6.1; Win64; x64) AppleWebKit/537.36 (KHTML, like Gecko) Chrome/72.0.3626.96 Safari/537.36"
::1 - - [12/Feb/2019:14:10:22 +0000] "GET / HTTP/1.1" 304 - "-" "Mozilla/5.0 (Windows NT 6.1; Win64; x64) AppleWebKit/537.36 (KHTML, like Gecko) Chrome/72.0.3626.96 Safari/537.36"
::1 - - [12/Feb/2019:14:10:23 +0000] "GET /css/main.css HTTP/1.1" 304 - "https://localhost:3000/" "Mozilla/5.0 (Windows NT 6.1; Win64; x64) AppleWebKit/537.36 (KHTML, like Gecko) Chrome/72.0.3626.96 Safari/537.36"
::1 - - [12/Feb/2019:14:10:23 +0000] "GET /css/product.css HTTP/1.1" 304 - "https://localhost:3000/" "Mozilla/5.0 (Windows NT 6.1; Win64; x64) AppleWebKit/537.36 (KHTML, like Gecko) Chrome/72.0.3626.96 Safari/537.36"
::1 - - [12/Feb/2019:14:10:23 +0000] "GET /images/358Z_book3.jpg HTTP/1.1" 304 - "https://localhost:3000/" "Mozilla/5.0 (Windows NT 6.1; Win64; x64) AppleWebKit/537.36 (KHTML, like Gecko) Chrome/72.0.3626.96 Safari/537.36"
::1 - - [12/Feb/2019:14:10:23 +0000] "GET /images/877Z_book4.jpg HTTP/1.1" 304 - "https://localhost:3000/" "Mozilla/5.0 (Windows NT 6.1; Win64; x64) AppleWebKit/537.36 (KHTML, like Gecko) Chrome/72.0.3626.96 Safari/537.36"
::1 - - [12/Feb/2019:14:10:23 +0000] "GET /js/main.js HTTP/1.1" 304 - "https://localhost:3000/" "Mozilla/5.0 (Windows NT 6.1; Win64; x64) AppleWebKit/537.36 (KHTML, like Gecko) Chrome/72.0.3626.96 Safari/537.36"
::1 - - [12/Feb/2019:14:10:32 +0000] "GET /css/main.css HTTP/1.1" 304 - "https://localhost:3000/" "Mozilla/5.0 (Windows NT 6.1; Win64; x64) AppleWebKit/537.36 (KHTML, like Gecko) Chrome/72.0.3626.96 Safari/537.36"
::1 - - [12/Feb/2019:14:10:32 +0000] "GET /css/product.css HTTP/1.1" 304 - "https://localhost:3000/" "Mozilla/5.0 (Windows NT 6.1; Win64; x64) AppleWebKit/537.36 (KHTML, like Gecko) Chrome/72.0.3626.96 Safari/537.36"
::1 - - [12/Feb/2019:14:11:24 +0000] "GET / HTTP/1.1" 200 - "-" "Mozilla/5.0 (Windows NT 6.1; Win64; x64) AppleWebKit/537.36 (KHTML, like Gecko) Chrome/72.0.3626.96 Safari/537.36"
::1 - - [12/Feb/2019:14:11:24 +0000] "GET /css/main.css HTTP/1.1" 200 - "https://localhost:3000/" "Mozilla/5.0 (Windows NT 6.1; Win64; x64) AppleWebKit/537.36 (KHTML, like Gecko) Chrome/72.0.3626.96 Safari/537.36"
::1 - - [12/Feb/2019:14:11:24 +0000] "GET /css/product.css HTTP/1.1" 200 - "https://localhost:3000/" "Mozilla/5.0 (Windows NT 6.1; Win64; x64) AppleWebKit/537.36 (KHTML, like Gecko) Chrome/72.0.3626.96 Safari/537.36"
::1 - - [12/Feb/2019:14:11:24 +0000] "GET /images/358Z_book3.jpg HTTP/1.1" 200 2580259 "https://localhost:3000/" "Mozilla/5.0 (Windows NT 6.1; Win64; x64) AppleWebKit/537.36 (KHTML, like Gecko) Chrome/72.0.3626.96 Safari/537.36"
::1 - - [12/Feb/2019:14:11:24 +0000] "GET /images/877Z_book4.jpg HTTP/1.1" 200 2529389 "https://localhost:3000/" "Mozilla/5.0 (Windows NT 6.1; Win64; x64) AppleWebKit/537.36 (KHTML, like Gecko) Chrome/72.0.3626.96 Safari/537.36"
::1 - - [12/Feb/2019:14:11:24 +0000] "GET /js/main.js HTTP/1.1" 200 - "https://localhost:3000/" "Mozilla/5.0 (Windows NT 6.1; Win64; x64) AppleWebKit/537.36 (KHTML, like Gecko) Chrome/72.0.3626.96 Safari/537.36"
::1 - - [12/Feb/2019:14:11:25 +0000] "GET /images/favicon.ico HTTP/1.1" 200 318 "https://localhost:3000/" "Mozilla/5.0 (Windows NT 6.1; Win64; x64) AppleWebKit/537.36 (KHTML, like Gecko) Chrome/72.0.3626.96 Safari/537.36"
::ffff:127.0.0.1 - - [18/Feb/2019:09:51:03 +0000] "GET / HTTP/1.1" 500 - "-" "Mozilla/5.0 (Windows NT 6.1; Win64; x64) AppleWebKit/537.36 (KHTML, like Gecko) Chrome/72.0.3626.109 Safari/537.36"
::ffff:127.0.0.1 - - [18/Feb/2019:09:51:03 +0000] "GET /js/main.js HTTP/1.1" 200 - "http://localhost:3000/" "Mozilla/5.0 (Windows NT 6.1; Win64; x64) AppleWebKit/537.36 (KHTML, like Gecko) Chrome/72.0.3626.109 Safari/537.36"
::ffff:127.0.0.1 - - [18/Feb/2019:09:51:03 +0000] "GET /css/main.css HTTP/1.1" 200 - "http://localhost:3000/" "Mozilla/5.0 (Windows NT 6.1; Win64; x64) AppleWebKit/537.36 (KHTML, like Gecko) Chrome/72.0.3626.109 Safari/537.36"
::ffff:127.0.0.1 - - [18/Feb/2019:09:51:04 +0000] "GET /images/favicon.ico HTTP/1.1" 200 318 "http://localhost:3000/" "Mozilla/5.0 (Windows NT 6.1; Win64; x64) AppleWebKit/537.36 (KHTML, like Gecko) Chrome/72.0.3626.109 Safari/537.36"
::1 - - [18/Feb/2019:09:52:07 +0000] "GET / HTTP/1.1" 500 - "-" "Mozilla/5.0 (Windows NT 6.1; Win64; x64) AppleWebKit/537.36 (KHTML, like Gecko) Chrome/72.0.3626.109 Safari/537.36"
::1 - - [18/Feb/2019:09:52:08 +0000] "GET /css/main.css HTTP/1.1" 304 - "http://localhost:3000/" "Mozilla/5.0 (Windows NT 6.1; Win64; x64) AppleWebKit/537.36 (KHTML, like Gecko) Chrome/72.0.3626.109 Safari/537.36"
::1 - - [18/Feb/2019:09:52:08 +0000] "GET /js/main.js HTTP/1.1" 304 - "http://localhost:3000/" "Mozilla/5.0 (Windows NT 6.1; Win64; x64) AppleWebKit/537.36 (KHTML, like Gecko) Chrome/72.0.3626.109 Safari/537.36"
::1 - - [18/Feb/2019:09:52:09 +0000] "GET /images/favicon.ico HTTP/1.1" 200 318 "http://localhost:3000/" "Mozilla/5.0 (Windows NT 6.1; Win64; x64) AppleWebKit/537.36 (KHTML, like Gecko) Chrome/72.0.3626.109 Safari/537.36"
::1 - - [18/Feb/2019:09:52:38 +0000] "GET / HTTP/1.1" 200 - "-" "Mozilla/5.0 (Windows NT 6.1; Win64; x64) AppleWebKit/537.36 (KHTML, like Gecko) Chrome/72.0.3626.109 Safari/537.36"
::1 - - [18/Feb/2019:09:52:38 +0000] "GET /css/main.css HTTP/1.1" 304 - "http://localhost:3000/" "Mozilla/5.0 (Windows NT 6.1; Win64; x64) AppleWebKit/537.36 (KHTML, like Gecko) Chrome/72.0.3626.109 Safari/537.36"
::1 - - [18/Feb/2019:09:52:38 +0000] "GET /js/main.js HTTP/1.1" 304 - "http://localhost:3000/" "Mozilla/5.0 (Windows NT 6.1; Win64; x64) AppleWebKit/537.36 (KHTML, like Gecko) Chrome/72.0.3626.109 Safari/537.36"
::1 - - [18/Feb/2019:09:52:38 +0000] "GET /css/product.css HTTP/1.1" 200 - "http://localhost:3000/" "Mozilla/5.0 (Windows NT 6.1; Win64; x64) AppleWebKit/537.36 (KHTML, like Gecko) Chrome/72.0.3626.109 Safari/537.36"
::1 - - [18/Feb/2019:09:52:38 +0000] "GET /images/favicon.ico HTTP/1.1" 200 318 "http://localhost:3000/" "Mozilla/5.0 (Windows NT 6.1; Win64; x64) AppleWebKit/537.36 (KHTML, like Gecko) Chrome/72.0.3626.109 Safari/537.36"
::1 - - [18/Feb/2019:09:52:40 +0000] "GET /login HTTP/1.1" 200 - "http://localhost:3000/" "Mozilla/5.0 (Windows NT 6.1; Win64; x64) AppleWebKit/537.36 (KHTML, like Gecko) Chrome/72.0.3626.109 Safari/537.36"
::1 - - [18/Feb/2019:09:52:40 +0000] "GET /css/main.css HTTP/1.1" 304 - "http://localhost:3000/login" "Mozilla/5.0 (Windows NT 6.1; Win64; x64) AppleWebKit/537.36 (KHTML, like Gecko) Chrome/72.0.3626.109 Safari/537.36"
::1 - - [18/Feb/2019:09:52:40 +0000] "GET /js/main.js HTTP/1.1" 304 - "http://localhost:3000/login" "Mozilla/5.0 (Windows NT 6.1; Win64; x64) AppleWebKit/537.36 (KHTML, like Gecko) Chrome/72.0.3626.109 Safari/537.36"
::1 - - [18/Feb/2019:09:52:40 +0000] "GET /css/forms.css HTTP/1.1" 200 786 "http://localhost:3000/login" "Mozilla/5.0 (Windows NT 6.1; Win64; x64) AppleWebKit/537.36 (KHTML, like Gecko) Chrome/72.0.3626.109 Safari/537.36"
::1 - - [18/Feb/2019:09:52:44 +0000] "POST /login HTTP/1.1" 302 46 "http://localhost:3000/login" "Mozilla/5.0 (Windows NT 6.1; Win64; x64) AppleWebKit/537.36 (KHTML, like Gecko) Chrome/72.0.3626.109 Safari/537.36"
::1 - - [18/Feb/2019:09:52:45 +0000] "GET / HTTP/1.1" 200 - "http://localhost:3000/login" "Mozilla/5.0 (Windows NT 6.1; Win64; x64) AppleWebKit/537.36 (KHTML, like Gecko) Chrome/72.0.3626.109 Safari/537.36"
::1 - - [18/Feb/2019:09:52:45 +0000] "GET /css/main.css HTTP/1.1" 304 - "http://localhost:3000/" "Mozilla/5.0 (Windows NT 6.1; Win64; x64) AppleWebKit/537.36 (KHTML, like Gecko) Chrome/72.0.3626.109 Safari/537.36"
::1 - - [18/Feb/2019:09:52:45 +0000] "GET /css/product.css HTTP/1.1" 304 - "http://localhost:3000/" "Mozilla/5.0 (Windows NT 6.1; Win64; x64) AppleWebKit/537.36 (KHTML, like Gecko) Chrome/72.0.3626.109 Safari/537.36"
::1 - - [18/Feb/2019:09:52:45 +0000] "GET /js/main.js HTTP/1.1" 304 - "http://localhost:3000/" "Mozilla/5.0 (Windows NT 6.1; Win64; x64) AppleWebKit/537.36 (KHTML, like Gecko) Chrome/72.0.3626.109 Safari/537.36"
::1 - - [18/Feb/2019:09:52:47 +0000] "GET /admin/add-product HTTP/1.1" 200 - "http://localhost:3000/" "Mozilla/5.0 (Windows NT 6.1; Win64; x64) AppleWebKit/537.36 (KHTML, like Gecko) Chrome/72.0.3626.109 Safari/537.36"
::1 - - [18/Feb/2019:09:52:47 +0000] "GET /css/main.css HTTP/1.1" 304 - "http://localhost:3000/admin/add-product" "Mozilla/5.0 (Windows NT 6.1; Win64; x64) AppleWebKit/537.36 (KHTML, like Gecko) Chrome/72.0.3626.109 Safari/537.36"
::1 - - [18/Feb/2019:09:52:47 +0000] "GET /css/forms.css HTTP/1.1" 304 - "http://localhost:3000/admin/add-product" "Mozilla/5.0 (Windows NT 6.1; Win64; x64) AppleWebKit/537.36 (KHTML, like Gecko) Chrome/72.0.3626.109 Safari/537.36"
::1 - - [18/Feb/2019:09:52:47 +0000] "GET /css/product.css HTTP/1.1" 304 - "http://localhost:3000/admin/add-product" "Mozilla/5.0 (Windows NT 6.1; Win64; x64) AppleWebKit/537.36 (KHTML, like Gecko) Chrome/72.0.3626.109 Safari/537.36"
::1 - - [18/Feb/2019:09:52:47 +0000] "GET /js/main.js HTTP/1.1" 304 - "http://localhost:3000/admin/add-product" "Mozilla/5.0 (Windows NT 6.1; Win64; x64) AppleWebKit/537.36 (KHTML, like Gecko) Chrome/72.0.3626.109 Safari/537.36"
::1 - - [18/Feb/2019:09:52:54 +0000] "POST /logout HTTP/1.1" 302 46 "http://localhost:3000/admin/add-product" "Mozilla/5.0 (Windows NT 6.1; Win64; x64) AppleWebKit/537.36 (KHTML, like Gecko) Chrome/72.0.3626.109 Safari/537.36"
::1 - - [18/Feb/2019:09:52:55 +0000] "GET / HTTP/1.1" 200 - "http://localhost:3000/admin/add-product" "Mozilla/5.0 (Windows NT 6.1; Win64; x64) AppleWebKit/537.36 (KHTML, like Gecko) Chrome/72.0.3626.109 Safari/537.36"
::1 - - [18/Feb/2019:09:52:55 +0000] "GET /css/main.css HTTP/1.1" 304 - "http://localhost:3000/" "Mozilla/5.0 (Windows NT 6.1; Win64; x64) AppleWebKit/537.36 (KHTML, like Gecko) Chrome/72.0.3626.109 Safari/537.36"
::1 - - [18/Feb/2019:09:52:55 +0000] "GET /js/main.js HTTP/1.1" 304 - "http://localhost:3000/" "Mozilla/5.0 (Windows NT 6.1; Win64; x64) AppleWebKit/537.36 (KHTML, like Gecko) Chrome/72.0.3626.109 Safari/537.36"
::1 - - [18/Feb/2019:09:52:55 +0000] "GET /css/product.css HTTP/1.1" 304 - "http://localhost:3000/" "Mozilla/5.0 (Windows NT 6.1; Win64; x64) AppleWebKit/537.36 (KHTML, like Gecko) Chrome/72.0.3626.109 Safari/537.36"
::1 - - [18/Feb/2019:09:53:31 +0000] "GET /login HTTP/1.1" 200 - "http://localhost:3000/" "Mozilla/5.0 (Windows NT 6.1; Win64; x64) AppleWebKit/537.36 (KHTML, like Gecko) Chrome/72.0.3626.109 Safari/537.36"
::1 - - [18/Feb/2019:09:53:31 +0000] "GET /css/main.css HTTP/1.1" 304 - "http://localhost:3000/login" "Mozilla/5.0 (Windows NT 6.1; Win64; x64) AppleWebKit/537.36 (KHTML, like Gecko) Chrome/72.0.3626.109 Safari/537.36"
::1 - - [18/Feb/2019:09:53:31 +0000] "GET /css/forms.css HTTP/1.1" 304 - "http://localhost:3000/login" "Mozilla/5.0 (Windows NT 6.1; Win64; x64) AppleWebKit/537.36 (KHTML, like Gecko) Chrome/72.0.3626.109 Safari/537.36"
::1 - - [18/Feb/2019:09:53:31 +0000] "GET /js/main.js HTTP/1.1" 304 - "http://localhost:3000/login" "Mozilla/5.0 (Windows NT 6.1; Win64; x64) AppleWebKit/537.36 (KHTML, like Gecko) Chrome/72.0.3626.109 Safari/537.36"
::1 - - [18/Feb/2019:09:53:34 +0000] "POST /login HTTP/1.1" 302 46 "http://localhost:3000/login" "Mozilla/5.0 (Windows NT 6.1; Win64; x64) AppleWebKit/537.36 (KHTML, like Gecko) Chrome/72.0.3626.109 Safari/537.36"
::1 - - [18/Feb/2019:09:53:34 +0000] "GET / HTTP/1.1" 200 - "http://localhost:3000/login" "Mozilla/5.0 (Windows NT 6.1; Win64; x64) AppleWebKit/537.36 (KHTML, like Gecko) Chrome/72.0.3626.109 Safari/537.36"
::1 - - [18/Feb/2019:09:53:34 +0000] "GET /css/main.css HTTP/1.1" 304 - "http://localhost:3000/" "Mozilla/5.0 (Windows NT 6.1; Win64; x64) AppleWebKit/537.36 (KHTML, like Gecko) Chrome/72.0.3626.109 Safari/537.36"
::1 - - [18/Feb/2019:09:53:34 +0000] "GET /css/product.css HTTP/1.1" 304 - "http://localhost:3000/" "Mozilla/5.0 (Windows NT 6.1; Win64; x64) AppleWebKit/537.36 (KHTML, like Gecko) Chrome/72.0.3626.109 Safari/537.36"
::1 - - [18/Feb/2019:09:53:34 +0000] "GET /js/main.js HTTP/1.1" 304 - "http://localhost:3000/" "Mozilla/5.0 (Windows NT 6.1; Win64; x64) AppleWebKit/537.36 (KHTML, like Gecko) Chrome/72.0.3626.109 Safari/537.36"
::1 - - [18/Feb/2019:09:53:36 +0000] "GET /admin/add-product HTTP/1.1" 200 - "http://localhost:3000/" "Mozilla/5.0 (Windows NT 6.1; Win64; x64) AppleWebKit/537.36 (KHTML, like Gecko) Chrome/72.0.3626.109 Safari/537.36"
::1 - - [18/Feb/2019:09:53:36 +0000] "GET /css/main.css HTTP/1.1" 304 - "http://localhost:3000/admin/add-product" "Mozilla/5.0 (Windows NT 6.1; Win64; x64) AppleWebKit/537.36 (KHTML, like Gecko) Chrome/72.0.3626.109 Safari/537.36"
::1 - - [18/Feb/2019:09:53:36 +0000] "GET /css/forms.css HTTP/1.1" 304 - "http://localhost:3000/admin/add-product" "Mozilla/5.0 (Windows NT 6.1; Win64; x64) AppleWebKit/537.36 (KHTML, like Gecko) Chrome/72.0.3626.109 Safari/537.36"
::1 - - [18/Feb/2019:09:53:36 +0000] "GET /css/product.css HTTP/1.1" 304 - "http://localhost:3000/admin/add-product" "Mozilla/5.0 (Windows NT 6.1; Win64; x64) AppleWebKit/537.36 (KHTML, like Gecko) Chrome/72.0.3626.109 Safari/537.36"
::1 - - [18/Feb/2019:09:53:36 +0000] "GET /js/main.js HTTP/1.1" 304 - "http://localhost:3000/admin/add-product" "Mozilla/5.0 (Windows NT 6.1; Win64; x64) AppleWebKit/537.36 (KHTML, like Gecko) Chrome/72.0.3626.109 Safari/537.36"
::1 - - [18/Feb/2019:09:53:46 +0000] "POST /admin/add-product HTTP/1.1" 302 74 "http://localhost:3000/admin/add-product" "Mozilla/5.0 (Windows NT 6.1; Win64; x64) AppleWebKit/537.36 (KHTML, like Gecko) Chrome/72.0.3626.109 Safari/537.36"
::1 - - [18/Feb/2019:09:53:46 +0000] "GET /admin/products HTTP/1.1" 200 - "http://localhost:3000/admin/add-product" "Mozilla/5.0 (Windows NT 6.1; Win64; x64) AppleWebKit/537.36 (KHTML, like Gecko) Chrome/72.0.3626.109 Safari/537.36"
::1 - - [18/Feb/2019:09:53:47 +0000] "GET /css/main.css HTTP/1.1" 304 - "http://localhost:3000/admin/products" "Mozilla/5.0 (Windows NT 6.1; Win64; x64) AppleWebKit/537.36 (KHTML, like Gecko) Chrome/72.0.3626.109 Safari/537.36"
::1 - - [18/Feb/2019:09:53:47 +0000] "GET /css/product.css HTTP/1.1" 304 - "http://localhost:3000/admin/products" "Mozilla/5.0 (Windows NT 6.1; Win64; x64) AppleWebKit/537.36 (KHTML, like Gecko) Chrome/72.0.3626.109 Safari/537.36"
::1 - - [18/Feb/2019:09:53:47 +0000] "GET /js/main.js HTTP/1.1" 304 - "http://localhost:3000/admin/products" "Mozilla/5.0 (Windows NT 6.1; Win64; x64) AppleWebKit/537.36 (KHTML, like Gecko) Chrome/72.0.3626.109 Safari/537.36"
::1 - - [18/Feb/2019:09:53:47 +0000] "GET /js/admin.js HTTP/1.1" 200 - "http://localhost:3000/admin/products" "Mozilla/5.0 (Windows NT 6.1; Win64; x64) AppleWebKit/537.36 (KHTML, like Gecko) Chrome/72.0.3626.109 Safari/537.36"
::1 - - [18/Feb/2019:09:53:47 +0000] "GET /images/380Z_book1.jpg HTTP/1.1" 200 2924532 "http://localhost:3000/admin/products" "Mozilla/5.0 (Windows NT 6.1; Win64; x64) AppleWebKit/537.36 (KHTML, like Gecko) Chrome/72.0.3626.109 Safari/537.36"
::1 - - [18/Feb/2019:09:53:54 +0000] "GET /products HTTP/1.1" 200 - "http://localhost:3000/admin/products" "Mozilla/5.0 (Windows NT 6.1; Win64; x64) AppleWebKit/537.36 (KHTML, like Gecko) Chrome/72.0.3626.109 Safari/537.36"
::1 - - [18/Feb/2019:09:53:55 +0000] "GET /css/main.css HTTP/1.1" 304 - "http://localhost:3000/products" "Mozilla/5.0 (Windows NT 6.1; Win64; x64) AppleWebKit/537.36 (KHTML, like Gecko) Chrome/72.0.3626.109 Safari/537.36"
::1 - - [18/Feb/2019:09:53:55 +0000] "GET /css/product.css HTTP/1.1" 304 - "http://localhost:3000/products" "Mozilla/5.0 (Windows NT 6.1; Win64; x64) AppleWebKit/537.36 (KHTML, like Gecko) Chrome/72.0.3626.109 Safari/537.36"
::1 - - [18/Feb/2019:09:53:55 +0000] "GET /js/main.js HTTP/1.1" 304 - "http://localhost:3000/products" "Mozilla/5.0 (Windows NT 6.1; Win64; x64) AppleWebKit/537.36 (KHTML, like Gecko) Chrome/72.0.3626.109 Safari/537.36"
::1 - - [18/Feb/2019:09:53:55 +0000] "GET /images/380Z_book1.jpg HTTP/1.1" 304 - "http://localhost:3000/products" "Mozilla/5.0 (Windows NT 6.1; Win64; x64) AppleWebKit/537.36 (KHTML, like Gecko) Chrome/72.0.3626.109 Safari/537.36"
::1 - - [18/Feb/2019:09:53:57 +0000] "GET /products/5c6a80aa460a971d54680610 HTTP/1.1" 200 - "http://localhost:3000/products" "Mozilla/5.0 (Windows NT 6.1; Win64; x64) AppleWebKit/537.36 (KHTML, like Gecko) Chrome/72.0.3626.109 Safari/537.36"
::1 - - [18/Feb/2019:09:53:57 +0000] "GET /css/main.css HTTP/1.1" 304 - "http://localhost:3000/products/5c6a80aa460a971d54680610" "Mozilla/5.0 (Windows NT 6.1; Win64; x64) AppleWebKit/537.36 (KHTML, like Gecko) Chrome/72.0.3626.109 Safari/537.36"
::1 - - [18/Feb/2019:09:53:57 +0000] "GET /css/product.css HTTP/1.1" 304 - "http://localhost:3000/products/5c6a80aa460a971d54680610" "Mozilla/5.0 (Windows NT 6.1; Win64; x64) AppleWebKit/537.36 (KHTML, like Gecko) Chrome/72.0.3626.109 Safari/537.36"
::1 - - [18/Feb/2019:09:53:57 +0000] "GET /images/380Z_book1.jpg HTTP/1.1" 304 - "http://localhost:3000/products/5c6a80aa460a971d54680610" "Mozilla/5.0 (Windows NT 6.1; Win64; x64) AppleWebKit/537.36 (KHTML, like Gecko) Chrome/72.0.3626.109 Safari/537.36"
::1 - - [18/Feb/2019:09:53:57 +0000] "GET /js/main.js HTTP/1.1" 304 - "http://localhost:3000/products/5c6a80aa460a971d54680610" "Mozilla/5.0 (Windows NT 6.1; Win64; x64) AppleWebKit/537.36 (KHTML, like Gecko) Chrome/72.0.3626.109 Safari/537.36"
::1 - - [18/Feb/2019:09:54:01 +0000] "GET /cart HTTP/1.1" 200 - "http://localhost:3000/products" "Mozilla/5.0 (Windows NT 6.1; Win64; x64) AppleWebKit/537.36 (KHTML, like Gecko) Chrome/72.0.3626.109 Safari/537.36"
::1 - - [18/Feb/2019:09:54:02 +0000] "GET /css/main.css HTTP/1.1" 304 - "http://localhost:3000/cart" "Mozilla/5.0 (Windows NT 6.1; Win64; x64) AppleWebKit/537.36 (KHTML, like Gecko) Chrome/72.0.3626.109 Safari/537.36"
::1 - - [18/Feb/2019:09:54:02 +0000] "GET /css/product.css HTTP/1.1" 304 - "http://localhost:3000/cart" "Mozilla/5.0 (Windows NT 6.1; Win64; x64) AppleWebKit/537.36 (KHTML, like Gecko) Chrome/72.0.3626.109 Safari/537.36"
::1 - - [18/Feb/2019:09:54:02 +0000] "GET /js/main.js HTTP/1.1" 304 - "http://localhost:3000/cart" "Mozilla/5.0 (Windows NT 6.1; Win64; x64) AppleWebKit/537.36 (KHTML, like Gecko) Chrome/72.0.3626.109 Safari/537.36"
::1 - - [18/Feb/2019:09:54:02 +0000] "GET /css/forms.css HTTP/1.1" 304 - "http://localhost:3000/cart" "Mozilla/5.0 (Windows NT 6.1; Win64; x64) AppleWebKit/537.36 (KHTML, like Gecko) Chrome/72.0.3626.109 Safari/537.36"
::1 - - [18/Feb/2019:09:54:03 +0000] "GET /orders HTTP/1.1" 200 - "http://localhost:3000/cart" "Mozilla/5.0 (Windows NT 6.1; Win64; x64) AppleWebKit/537.36 (KHTML, like Gecko) Chrome/72.0.3626.109 Safari/537.36"
::1 - - [18/Feb/2019:09:54:03 +0000] "GET /css/main.css HTTP/1.1" 304 - "http://localhost:3000/orders" "Mozilla/5.0 (Windows NT 6.1; Win64; x64) AppleWebKit/537.36 (KHTML, like Gecko) Chrome/72.0.3626.109 Safari/537.36"
::1 - - [18/Feb/2019:09:54:03 +0000] "GET /css/product.css HTTP/1.1" 304 - "http://localhost:3000/orders" "Mozilla/5.0 (Windows NT 6.1; Win64; x64) AppleWebKit/537.36 (KHTML, like Gecko) Chrome/72.0.3626.109 Safari/537.36"
::1 - - [18/Feb/2019:09:54:03 +0000] "GET /css/forms.css HTTP/1.1" 304 - "http://localhost:3000/orders" "Mozilla/5.0 (Windows NT 6.1; Win64; x64) AppleWebKit/537.36 (KHTML, like Gecko) Chrome/72.0.3626.109 Safari/537.36"
::1 - - [18/Feb/2019:09:54:03 +0000] "GET /js/main.js HTTP/1.1" 304 - "http://localhost:3000/orders" "Mozilla/5.0 (Windows NT 6.1; Win64; x64) AppleWebKit/537.36 (KHTML, like Gecko) Chrome/72.0.3626.109 Safari/537.36"
::1 - - [18/Feb/2019:09:54:06 +0000] "GET /admin/add-product HTTP/1.1" 200 - "http://localhost:3000/orders" "Mozilla/5.0 (Windows NT 6.1; Win64; x64) AppleWebKit/537.36 (KHTML, like Gecko) Chrome/72.0.3626.109 Safari/537.36"
::1 - - [18/Feb/2019:09:54:06 +0000] "GET /css/main.css HTTP/1.1" 304 - "http://localhost:3000/admin/add-product" "Mozilla/5.0 (Windows NT 6.1; Win64; x64) AppleWebKit/537.36 (KHTML, like Gecko) Chrome/72.0.3626.109 Safari/537.36"
::1 - - [18/Feb/2019:09:54:06 +0000] "GET /css/forms.css HTTP/1.1" 304 - "http://localhost:3000/admin/add-product" "Mozilla/5.0 (Windows NT 6.1; Win64; x64) AppleWebKit/537.36 (KHTML, like Gecko) Chrome/72.0.3626.109 Safari/537.36"
::1 - - [18/Feb/2019:09:54:06 +0000] "GET /css/product.css HTTP/1.1" 304 - "http://localhost:3000/admin/add-product" "Mozilla/5.0 (Windows NT 6.1; Win64; x64) AppleWebKit/537.36 (KHTML, like Gecko) Chrome/72.0.3626.109 Safari/537.36"
::1 - - [18/Feb/2019:09:54:06 +0000] "GET /js/main.js HTTP/1.1" 304 - "http://localhost:3000/admin/add-product" "Mozilla/5.0 (Windows NT 6.1; Win64; x64) AppleWebKit/537.36 (KHTML, like Gecko) Chrome/72.0.3626.109 Safari/537.36"
::1 - - [18/Feb/2019:09:54:07 +0000] "GET /admin/products HTTP/1.1" 200 - "http://localhost:3000/admin/add-product" "Mozilla/5.0 (Windows NT 6.1; Win64; x64) AppleWebKit/537.36 (KHTML, like Gecko) Chrome/72.0.3626.109 Safari/537.36"
::1 - - [18/Feb/2019:09:54:07 +0000] "GET /css/main.css HTTP/1.1" 304 - "http://localhost:3000/admin/products" "Mozilla/5.0 (Windows NT 6.1; Win64; x64) AppleWebKit/537.36 (KHTML, like Gecko) Chrome/72.0.3626.109 Safari/537.36"
::1 - - [18/Feb/2019:09:54:07 +0000] "GET /css/product.css HTTP/1.1" 304 - "http://localhost:3000/admin/products" "Mozilla/5.0 (Windows NT 6.1; Win64; x64) AppleWebKit/537.36 (KHTML, like Gecko) Chrome/72.0.3626.109 Safari/537.36"
::1 - - [18/Feb/2019:09:54:07 +0000] "GET /js/main.js HTTP/1.1" 304 - "http://localhost:3000/admin/products" "Mozilla/5.0 (Windows NT 6.1; Win64; x64) AppleWebKit/537.36 (KHTML, like Gecko) Chrome/72.0.3626.109 Safari/537.36"
::1 - - [18/Feb/2019:09:54:07 +0000] "GET /images/380Z_book1.jpg HTTP/1.1" 304 - "http://localhost:3000/admin/products" "Mozilla/5.0 (Windows NT 6.1; Win64; x64) AppleWebKit/537.36 (KHTML, like Gecko) Chrome/72.0.3626.109 Safari/537.36"
::1 - - [18/Feb/2019:09:54:07 +0000] "GET /js/admin.js HTTP/1.1" 304 - "http://localhost:3000/admin/products" "Mozilla/5.0 (Windows NT 6.1; Win64; x64) AppleWebKit/537.36 (KHTML, like Gecko) Chrome/72.0.3626.109 Safari/537.36"
::1 - - [18/Feb/2019:09:54:10 +0000] "DELETE /admin/products/product/5c6a80aa460a971d54680610 HTTP/1.1" 200 22 "http://localhost:3000/admin/products" "Mozilla/5.0 (Windows NT 6.1; Win64; x64) AppleWebKit/537.36 (KHTML, like Gecko) Chrome/72.0.3626.109 Safari/537.36"
::1 - - [18/Feb/2019:09:54:15 +0000] "GET /css/main.css HTTP/1.1" 304 - "http://localhost:3000/admin/products" "Mozilla/5.0 (Windows NT 6.1; Win64; x64) AppleWebKit/537.36 (KHTML, like Gecko) Chrome/72.0.3626.109 Safari/537.36"
::1 - - [18/Feb/2019:09:54:15 +0000] "GET /css/product.css HTTP/1.1" 304 - "http://localhost:3000/admin/products" "Mozilla/5.0 (Windows NT 6.1; Win64; x64) AppleWebKit/537.36 (KHTML, like Gecko) Chrome/72.0.3626.109 Safari/537.36"
::1 - - [18/Feb/2019:10:15:43 +0000] "GET / HTTP/1.1" 200 - "-" "Mozilla/5.0 (Windows NT 6.1; Win64; x64) AppleWebKit/537.36 (KHTML, like Gecko) Chrome/72.0.3626.109 Safari/537.36"
::1 - - [18/Feb/2019:10:15:43 +0000] "GET /css/product.css HTTP/1.1" 200 - "http://localhost:3000/" "Mozilla/5.0 (Windows NT 6.1; Win64; x64) AppleWebKit/537.36 (KHTML, like Gecko) Chrome/72.0.3626.109 Safari/537.36"
::1 - - [18/Feb/2019:10:15:43 +0000] "GET /css/main.css HTTP/1.1" 200 - "http://localhost:3000/" "Mozilla/5.0 (Windows NT 6.1; Win64; x64) AppleWebKit/537.36 (KHTML, like Gecko) Chrome/72.0.3626.109 Safari/537.36"
::1 - - [18/Feb/2019:10:15:43 +0000] "GET /js/main.js HTTP/1.1" 200 - "http://localhost:3000/" "Mozilla/5.0 (Windows NT 6.1; Win64; x64) AppleWebKit/537.36 (KHTML, like Gecko) Chrome/72.0.3626.109 Safari/537.36"
::1 - - [18/Feb/2019:10:15:49 +0000] "GET /admin/add-product HTTP/1.1" 200 - "http://localhost:3000/" "Mozilla/5.0 (Windows NT 6.1; Win64; x64) AppleWebKit/537.36 (KHTML, like Gecko) Chrome/72.0.3626.109 Safari/537.36"
::1 - - [18/Feb/2019:10:15:49 +0000] "GET /css/main.css HTTP/1.1" 200 - "http://localhost:3000/admin/add-product" "Mozilla/5.0 (Windows NT 6.1; Win64; x64) AppleWebKit/537.36 (KHTML, like Gecko) Chrome/72.0.3626.109 Safari/537.36"
::1 - - [18/Feb/2019:10:15:49 +0000] "GET /css/forms.css HTTP/1.1" 200 786 "http://localhost:3000/admin/add-product" "Mozilla/5.0 (Windows NT 6.1; Win64; x64) AppleWebKit/537.36 (KHTML, like Gecko) Chrome/72.0.3626.109 Safari/537.36"
::1 - - [18/Feb/2019:10:15:49 +0000] "GET /css/product.css HTTP/1.1" 200 - "http://localhost:3000/admin/add-product" "Mozilla/5.0 (Windows NT 6.1; Win64; x64) AppleWebKit/537.36 (KHTML, like Gecko) Chrome/72.0.3626.109 Safari/537.36"
::1 - - [18/Feb/2019:10:15:49 +0000] "GET /js/main.js HTTP/1.1" 200 - "http://localhost:3000/admin/add-product" "Mozilla/5.0 (Windows NT 6.1; Win64; x64) AppleWebKit/537.36 (KHTML, like Gecko) Chrome/72.0.3626.109 Safari/537.36"
::1 - - [18/Feb/2019:10:15:52 +0000] "POST /logout HTTP/1.1" 302 46 "http://localhost:3000/admin/add-product" "Mozilla/5.0 (Windows NT 6.1; Win64; x64) AppleWebKit/537.36 (KHTML, like Gecko) Chrome/72.0.3626.109 Safari/537.36"
::1 - - [18/Feb/2019:10:15:53 +0000] "GET / HTTP/1.1" 200 - "http://localhost:3000/admin/add-product" "Mozilla/5.0 (Windows NT 6.1; Win64; x64) AppleWebKit/537.36 (KHTML, like Gecko) Chrome/72.0.3626.109 Safari/537.36"
::1 - - [18/Feb/2019:10:15:53 +0000] "GET /css/main.css HTTP/1.1" 200 - "http://localhost:3000/" "Mozilla/5.0 (Windows NT 6.1; Win64; x64) AppleWebKit/537.36 (KHTML, like Gecko) Chrome/72.0.3626.109 Safari/537.36"
::1 - - [18/Feb/2019:10:15:53 +0000] "GET /js/main.js HTTP/1.1" 200 - "http://localhost:3000/" "Mozilla/5.0 (Windows NT 6.1; Win64; x64) AppleWebKit/537.36 (KHTML, like Gecko) Chrome/72.0.3626.109 Safari/537.36"
::1 - - [18/Feb/2019:10:15:53 +0000] "GET /css/product.css HTTP/1.1" 200 - "http://localhost:3000/" "Mozilla/5.0 (Windows NT 6.1; Win64; x64) AppleWebKit/537.36 (KHTML, like Gecko) Chrome/72.0.3626.109 Safari/537.36"
::1 - - [18/Feb/2019:10:15:56 +0000] "GET /login HTTP/1.1" 200 - "http://localhost:3000/" "Mozilla/5.0 (Windows NT 6.1; Win64; x64) AppleWebKit/537.36 (KHTML, like Gecko) Chrome/72.0.3626.109 Safari/537.36"
::1 - - [18/Feb/2019:10:15:56 +0000] "GET /css/main.css HTTP/1.1" 200 - "http://localhost:3000/login" "Mozilla/5.0 (Windows NT 6.1; Win64; x64) AppleWebKit/537.36 (KHTML, like Gecko) Chrome/72.0.3626.109 Safari/537.36"
::1 - - [18/Feb/2019:10:15:56 +0000] "GET /css/forms.css HTTP/1.1" 200 786 "http://localhost:3000/login" "Mozilla/5.0 (Windows NT 6.1; Win64; x64) AppleWebKit/537.36 (KHTML, like Gecko) Chrome/72.0.3626.109 Safari/537.36"
::1 - - [18/Feb/2019:10:15:56 +0000] "GET /js/main.js HTTP/1.1" 200 - "http://localhost:3000/login" "Mozilla/5.0 (Windows NT 6.1; Win64; x64) AppleWebKit/537.36 (KHTML, like Gecko) Chrome/72.0.3626.109 Safari/537.36"
::1 - - [18/Feb/2019:10:16:00 +0000] "POST /login HTTP/1.1" 302 46 "http://localhost:3000/login" "Mozilla/5.0 (Windows NT 6.1; Win64; x64) AppleWebKit/537.36 (KHTML, like Gecko) Chrome/72.0.3626.109 Safari/537.36"
::1 - - [18/Feb/2019:10:16:00 +0000] "GET / HTTP/1.1" 200 - "http://localhost:3000/login" "Mozilla/5.0 (Windows NT 6.1; Win64; x64) AppleWebKit/537.36 (KHTML, like Gecko) Chrome/72.0.3626.109 Safari/537.36"
::1 - - [18/Feb/2019:10:16:00 +0000] "GET /js/main.js HTTP/1.1" 200 - "http://localhost:3000/" "Mozilla/5.0 (Windows NT 6.1; Win64; x64) AppleWebKit/537.36 (KHTML, like Gecko) Chrome/72.0.3626.109 Safari/537.36"
::1 - - [18/Feb/2019:10:16:00 +0000] "GET /css/product.css HTTP/1.1" 200 - "http://localhost:3000/" "Mozilla/5.0 (Windows NT 6.1; Win64; x64) AppleWebKit/537.36 (KHTML, like Gecko) Chrome/72.0.3626.109 Safari/537.36"
::1 - - [18/Feb/2019:10:16:00 +0000] "GET /css/main.css HTTP/1.1" 200 - "http://localhost:3000/" "Mozilla/5.0 (Windows NT 6.1; Win64; x64) AppleWebKit/537.36 (KHTML, like Gecko) Chrome/72.0.3626.109 Safari/537.36"
::1 - - [18/Feb/2019:10:16:06 +0000] "GET /admin/add-product HTTP/1.1" 200 - "http://localhost:3000/" "Mozilla/5.0 (Windows NT 6.1; Win64; x64) AppleWebKit/537.36 (KHTML, like Gecko) Chrome/72.0.3626.109 Safari/537.36"
::1 - - [18/Feb/2019:10:16:06 +0000] "GET /css/forms.css HTTP/1.1" 200 786 "http://localhost:3000/admin/add-product" "Mozilla/5.0 (Windows NT 6.1; Win64; x64) AppleWebKit/537.36 (KHTML, like Gecko) Chrome/72.0.3626.109 Safari/537.36"
::1 - - [18/Feb/2019:10:16:06 +0000] "GET /css/main.css HTTP/1.1" 200 - "http://localhost:3000/admin/add-product" "Mozilla/5.0 (Windows NT 6.1; Win64; x64) AppleWebKit/537.36 (KHTML, like Gecko) Chrome/72.0.3626.109 Safari/537.36"
::1 - - [18/Feb/2019:10:16:06 +0000] "GET /css/product.css HTTP/1.1" 200 - "http://localhost:3000/admin/add-product" "Mozilla/5.0 (Windows NT 6.1; Win64; x64) AppleWebKit/537.36 (KHTML, like Gecko) Chrome/72.0.3626.109 Safari/537.36"
::1 - - [18/Feb/2019:10:16:06 +0000] "GET /js/main.js HTTP/1.1" 200 - "http://localhost:3000/admin/add-product" "Mozilla/5.0 (Windows NT 6.1; Win64; x64) AppleWebKit/537.36 (KHTML, like Gecko) Chrome/72.0.3626.109 Safari/537.36"
::1 - - [18/Feb/2019:10:16:15 +0000] "POST /admin/add-product HTTP/1.1" 302 74 "http://localhost:3000/admin/add-product" "Mozilla/5.0 (Windows NT 6.1; Win64; x64) AppleWebKit/537.36 (KHTML, like Gecko) Chrome/72.0.3626.109 Safari/537.36"
::1 - - [18/Feb/2019:10:16:15 +0000] "GET /admin/products HTTP/1.1" 200 - "http://localhost:3000/admin/add-product" "Mozilla/5.0 (Windows NT 6.1; Win64; x64) AppleWebKit/537.36 (KHTML, like Gecko) Chrome/72.0.3626.109 Safari/537.36"
::1 - - [18/Feb/2019:10:16:15 +0000] "GET /css/main.css HTTP/1.1" 200 - "http://localhost:3000/admin/products" "Mozilla/5.0 (Windows NT 6.1; Win64; x64) AppleWebKit/537.36 (KHTML, like Gecko) Chrome/72.0.3626.109 Safari/537.36"
::1 - - [18/Feb/2019:10:16:15 +0000] "GET /css/product.css HTTP/1.1" 200 - "http://localhost:3000/admin/products" "Mozilla/5.0 (Windows NT 6.1; Win64; x64) AppleWebKit/537.36 (KHTML, like Gecko) Chrome/72.0.3626.109 Safari/537.36"
::1 - - [18/Feb/2019:10:16:15 +0000] "GET /js/main.js HTTP/1.1" 200 - "http://localhost:3000/admin/products" "Mozilla/5.0 (Windows NT 6.1; Win64; x64) AppleWebKit/537.36 (KHTML, like Gecko) Chrome/72.0.3626.109 Safari/537.36"
::1 - - [18/Feb/2019:10:16:15 +0000] "GET /js/admin.js HTTP/1.1" 200 - "http://localhost:3000/admin/products" "Mozilla/5.0 (Windows NT 6.1; Win64; x64) AppleWebKit/537.36 (KHTML, like Gecko) Chrome/72.0.3626.109 Safari/537.36"
::1 - - [18/Feb/2019:10:16:15 +0000] "GET /images/883Z_book1.jpg HTTP/1.1" 200 2924532 "http://localhost:3000/admin/products" "Mozilla/5.0 (Windows NT 6.1; Win64; x64) AppleWebKit/537.36 (KHTML, like Gecko) Chrome/72.0.3626.109 Safari/537.36"
::1 - - [18/Feb/2019:10:16:30 +0000] "DELETE /admin/products/product/5c6a85ef999d95118c356aa3 HTTP/1.1" 200 22 "http://localhost:3000/admin/products" "Mozilla/5.0 (Windows NT 6.1; Win64; x64) AppleWebKit/537.36 (KHTML, like Gecko) Chrome/72.0.3626.109 Safari/537.36"
::1 - - [18/Feb/2019:10:16:34 +0000] "GET / HTTP/1.1" 200 - "http://localhost:3000/admin/products" "Mozilla/5.0 (Windows NT 6.1; Win64; x64) AppleWebKit/537.36 (KHTML, like Gecko) Chrome/72.0.3626.109 Safari/537.36"
::1 - - [18/Feb/2019:10:16:34 +0000] "GET /css/main.css HTTP/1.1" 200 - "http://localhost:3000/" "Mozilla/5.0 (Windows NT 6.1; Win64; x64) AppleWebKit/537.36 (KHTML, like Gecko) Chrome/72.0.3626.109 Safari/537.36"
::1 - - [18/Feb/2019:10:16:34 +0000] "GET /css/product.css HTTP/1.1" 200 - "http://localhost:3000/" "Mozilla/5.0 (Windows NT 6.1; Win64; x64) AppleWebKit/537.36 (KHTML, like Gecko) Chrome/72.0.3626.109 Safari/537.36"
::1 - - [18/Feb/2019:10:16:34 +0000] "GET /js/main.js HTTP/1.1" 200 - "http://localhost:3000/" "Mozilla/5.0 (Windows NT 6.1; Win64; x64) AppleWebKit/537.36 (KHTML, like Gecko) Chrome/72.0.3626.109 Safari/537.36"
::1 - - [18/Feb/2019:10:16:35 +0000] "GET /admin/products HTTP/1.1" 200 - "http://localhost:3000/" "Mozilla/5.0 (Windows NT 6.1; Win64; x64) AppleWebKit/537.36 (KHTML, like Gecko) Chrome/72.0.3626.109 Safari/537.36"
::1 - - [18/Feb/2019:10:16:35 +0000] "GET /css/main.css HTTP/1.1" 200 - "http://localhost:3000/admin/products" "Mozilla/5.0 (Windows NT 6.1; Win64; x64) AppleWebKit/537.36 (KHTML, like Gecko) Chrome/72.0.3626.109 Safari/537.36"
::1 - - [18/Feb/2019:10:16:35 +0000] "GET /js/main.js HTTP/1.1" 200 - "http://localhost:3000/admin/products" "Mozilla/5.0 (Windows NT 6.1; Win64; x64) AppleWebKit/537.36 (KHTML, like Gecko) Chrome/72.0.3626.109 Safari/537.36"
::1 - - [18/Feb/2019:10:16:35 +0000] "GET /css/product.css HTTP/1.1" 200 - "http://localhost:3000/admin/products" "Mozilla/5.0 (Windows NT 6.1; Win64; x64) AppleWebKit/537.36 (KHTML, like Gecko) Chrome/72.0.3626.109 Safari/537.36"
::1 - - [18/Feb/2019:10:16:35 +0000] "GET /js/admin.js HTTP/1.1" 200 - "http://localhost:3000/admin/products" "Mozilla/5.0 (Windows NT 6.1; Win64; x64) AppleWebKit/537.36 (KHTML, like Gecko) Chrome/72.0.3626.109 Safari/537.36"
::1 - - [18/Feb/2019:10:16:37 +0000] "GET /admin/add-product HTTP/1.1" 200 - "http://localhost:3000/admin/products" "Mozilla/5.0 (Windows NT 6.1; Win64; x64) AppleWebKit/537.36 (KHTML, like Gecko) Chrome/72.0.3626.109 Safari/537.36"
::1 - - [18/Feb/2019:10:16:37 +0000] "GET /css/forms.css HTTP/1.1" 200 786 "http://localhost:3000/admin/add-product" "Mozilla/5.0 (Windows NT 6.1; Win64; x64) AppleWebKit/537.36 (KHTML, like Gecko) Chrome/72.0.3626.109 Safari/537.36"
::1 - - [18/Feb/2019:10:16:37 +0000] "GET /css/main.css HTTP/1.1" 200 - "http://localhost:3000/admin/add-product" "Mozilla/5.0 (Windows NT 6.1; Win64; x64) AppleWebKit/537.36 (KHTML, like Gecko) Chrome/72.0.3626.109 Safari/537.36"
::1 - - [18/Feb/2019:10:16:37 +0000] "GET /css/product.css HTTP/1.1" 200 - "http://localhost:3000/admin/add-product" "Mozilla/5.0 (Windows NT 6.1; Win64; x64) AppleWebKit/537.36 (KHTML, like Gecko) Chrome/72.0.3626.109 Safari/537.36"
::1 - - [18/Feb/2019:10:16:37 +0000] "GET /js/main.js HTTP/1.1" 200 - "http://localhost:3000/admin/add-product" "Mozilla/5.0 (Windows NT 6.1; Win64; x64) AppleWebKit/537.36 (KHTML, like Gecko) Chrome/72.0.3626.109 Safari/537.36"
::1 - - [18/Feb/2019:14:11:55 +0000] "GET / HTTP/1.1" 200 - "-" "Mozilla/5.0 (Windows NT 6.1; Win64; x64) AppleWebKit/537.36 (KHTML, like Gecko) Chrome/72.0.3626.109 Safari/537.36"
::1 - - [18/Feb/2019:14:11:55 +0000] "GET /css/product.css HTTP/1.1" 200 - "http://localhost:3000/" "Mozilla/5.0 (Windows NT 6.1; Win64; x64) AppleWebKit/537.36 (KHTML, like Gecko) Chrome/72.0.3626.109 Safari/537.36"
::1 - - [18/Feb/2019:14:11:55 +0000] "GET /css/main.css HTTP/1.1" 200 - "http://localhost:3000/" "Mozilla/5.0 (Windows NT 6.1; Win64; x64) AppleWebKit/537.36 (KHTML, like Gecko) Chrome/72.0.3626.109 Safari/537.36"
::1 - - [18/Feb/2019:14:11:56 +0000] "GET /js/main.js HTTP/1.1" 200 - "http://localhost:3000/" "Mozilla/5.0 (Windows NT 6.1; Win64; x64) AppleWebKit/537.36 (KHTML, like Gecko) Chrome/72.0.3626.109 Safari/537.36"
::1 - - [18/Feb/2019:14:11:57 +0000] "GET /images/favicon.ico HTTP/1.1" 200 318 "http://localhost:3000/" "Mozilla/5.0 (Windows NT 6.1; Win64; x64) AppleWebKit/537.36 (KHTML, like Gecko) Chrome/72.0.3626.109 Safari/537.36"
::1 - - [18/Feb/2019:14:12:03 +0000] "GET /login HTTP/1.1" 200 - "http://localhost:3000/" "Mozilla/5.0 (Windows NT 6.1; Win64; x64) AppleWebKit/537.36 (KHTML, like Gecko) Chrome/72.0.3626.109 Safari/537.36"
::1 - - [18/Feb/2019:14:12:03 +0000] "GET /css/main.css HTTP/1.1" 200 - "http://localhost:3000/login" "Mozilla/5.0 (Windows NT 6.1; Win64; x64) AppleWebKit/537.36 (KHTML, like Gecko) Chrome/72.0.3626.109 Safari/537.36"
::1 - - [18/Feb/2019:14:12:03 +0000] "GET /js/main.js HTTP/1.1" 200 - "http://localhost:3000/login" "Mozilla/5.0 (Windows NT 6.1; Win64; x64) AppleWebKit/537.36 (KHTML, like Gecko) Chrome/72.0.3626.109 Safari/537.36"
::1 - - [18/Feb/2019:14:12:03 +0000] "GET /css/forms.css HTTP/1.1" 200 786 "http://localhost:3000/login" "Mozilla/5.0 (Windows NT 6.1; Win64; x64) AppleWebKit/537.36 (KHTML, like Gecko) Chrome/72.0.3626.109 Safari/537.36"
::1 - - [18/Feb/2019:14:12:07 +0000] "POST /login HTTP/1.1" 302 46 "http://localhost:3000/login" "Mozilla/5.0 (Windows NT 6.1; Win64; x64) AppleWebKit/537.36 (KHTML, like Gecko) Chrome/72.0.3626.109 Safari/537.36"
::1 - - [18/Feb/2019:14:12:08 +0000] "GET / HTTP/1.1" 200 - "http://localhost:3000/login" "Mozilla/5.0 (Windows NT 6.1; Win64; x64) AppleWebKit/537.36 (KHTML, like Gecko) Chrome/72.0.3626.109 Safari/537.36"
::1 - - [18/Feb/2019:14:12:08 +0000] "GET /css/product.css HTTP/1.1" 200 - "http://localhost:3000/" "Mozilla/5.0 (Windows NT 6.1; Win64; x64) AppleWebKit/537.36 (KHTML, like Gecko) Chrome/72.0.3626.109 Safari/537.36"
::1 - - [18/Feb/2019:14:12:08 +0000] "GET /css/main.css HTTP/1.1" 200 - "http://localhost:3000/" "Mozilla/5.0 (Windows NT 6.1; Win64; x64) AppleWebKit/537.36 (KHTML, like Gecko) Chrome/72.0.3626.109 Safari/537.36"
::1 - - [18/Feb/2019:14:12:08 +0000] "GET /js/main.js HTTP/1.1" 200 - "http://localhost:3000/" "Mozilla/5.0 (Windows NT 6.1; Win64; x64) AppleWebKit/537.36 (KHTML, like Gecko) Chrome/72.0.3626.109 Safari/537.36"
::1 - - [18/Feb/2019:14:12:13 +0000] "GET /admin/add-product HTTP/1.1" 200 - "http://localhost:3000/" "Mozilla/5.0 (Windows NT 6.1; Win64; x64) AppleWebKit/537.36 (KHTML, like Gecko) Chrome/72.0.3626.109 Safari/537.36"
::1 - - [18/Feb/2019:14:12:13 +0000] "GET /css/main.css HTTP/1.1" 200 - "http://localhost:3000/admin/add-product" "Mozilla/5.0 (Windows NT 6.1; Win64; x64) AppleWebKit/537.36 (KHTML, like Gecko) Chrome/72.0.3626.109 Safari/537.36"
::1 - - [18/Feb/2019:14:12:13 +0000] "GET /css/forms.css HTTP/1.1" 200 786 "http://localhost:3000/admin/add-product" "Mozilla/5.0 (Windows NT 6.1; Win64; x64) AppleWebKit/537.36 (KHTML, like Gecko) Chrome/72.0.3626.109 Safari/537.36"
::1 - - [18/Feb/2019:14:12:13 +0000] "GET /css/product.css HTTP/1.1" 200 - "http://localhost:3000/admin/add-product" "Mozilla/5.0 (Windows NT 6.1; Win64; x64) AppleWebKit/537.36 (KHTML, like Gecko) Chrome/72.0.3626.109 Safari/537.36"
::1 - - [18/Feb/2019:14:12:13 +0000] "GET /js/main.js HTTP/1.1" 200 - "http://localhost:3000/admin/add-product" "Mozilla/5.0 (Windows NT 6.1; Win64; x64) AppleWebKit/537.36 (KHTML, like Gecko) Chrome/72.0.3626.109 Safari/537.36"
::1 - - [18/Feb/2019:14:12:24 +0000] "POST /admin/add-product HTTP/1.1" 302 74 "http://localhost:3000/admin/add-product" "Mozilla/5.0 (Windows NT 6.1; Win64; x64) AppleWebKit/537.36 (KHTML, like Gecko) Chrome/72.0.3626.109 Safari/537.36"
::1 - - [18/Feb/2019:14:12:24 +0000] "GET /admin/products HTTP/1.1" 200 - "http://localhost:3000/admin/add-product" "Mozilla/5.0 (Windows NT 6.1; Win64; x64) AppleWebKit/537.36 (KHTML, like Gecko) Chrome/72.0.3626.109 Safari/537.36"
::1 - - [18/Feb/2019:14:12:25 +0000] "GET /css/main.css HTTP/1.1" 200 - "http://localhost:3000/admin/products" "Mozilla/5.0 (Windows NT 6.1; Win64; x64) AppleWebKit/537.36 (KHTML, like Gecko) Chrome/72.0.3626.109 Safari/537.36"
::1 - - [18/Feb/2019:14:12:25 +0000] "GET /css/product.css HTTP/1.1" 200 - "http://localhost:3000/admin/products" "Mozilla/5.0 (Windows NT 6.1; Win64; x64) AppleWebKit/537.36 (KHTML, like Gecko) Chrome/72.0.3626.109 Safari/537.36"
::1 - - [18/Feb/2019:14:12:25 +0000] "GET /js/main.js HTTP/1.1" 200 - "http://localhost:3000/admin/products" "Mozilla/5.0 (Windows NT 6.1; Win64; x64) AppleWebKit/537.36 (KHTML, like Gecko) Chrome/72.0.3626.109 Safari/537.36"
::1 - - [18/Feb/2019:14:12:25 +0000] "GET /images/063Z_book1.jpg HTTP/1.1" 404 - "http://localhost:3000/admin/products" "Mozilla/5.0 (Windows NT 6.1; Win64; x64) AppleWebKit/537.36 (KHTML, like Gecko) Chrome/72.0.3626.109 Safari/537.36"
::1 - - [18/Feb/2019:14:12:25 +0000] "GET /js/admin.js HTTP/1.1" 200 - "http://localhost:3000/admin/products" "Mozilla/5.0 (Windows NT 6.1; Win64; x64) AppleWebKit/537.36 (KHTML, like Gecko) Chrome/72.0.3626.109 Safari/537.36"
::1 - - [18/Feb/2019:14:12:37 +0000] "GET / HTTP/1.1" 200 - "http://localhost:3000/admin/products" "Mozilla/5.0 (Windows NT 6.1; Win64; x64) AppleWebKit/537.36 (KHTML, like Gecko) Chrome/72.0.3626.109 Safari/537.36"
::1 - - [18/Feb/2019:14:12:37 +0000] "GET /css/main.css HTTP/1.1" 200 - "http://localhost:3000/" "Mozilla/5.0 (Windows NT 6.1; Win64; x64) AppleWebKit/537.36 (KHTML, like Gecko) Chrome/72.0.3626.109 Safari/537.36"
::1 - - [18/Feb/2019:14:12:37 +0000] "GET /css/product.css HTTP/1.1" 200 - "http://localhost:3000/" "Mozilla/5.0 (Windows NT 6.1; Win64; x64) AppleWebKit/537.36 (KHTML, like Gecko) Chrome/72.0.3626.109 Safari/537.36"
::1 - - [18/Feb/2019:14:12:37 +0000] "GET /js/main.js HTTP/1.1" 200 - "http://localhost:3000/" "Mozilla/5.0 (Windows NT 6.1; Win64; x64) AppleWebKit/537.36 (KHTML, like Gecko) Chrome/72.0.3626.109 Safari/537.36"
::1 - - [18/Feb/2019:14:12:37 +0000] "GET /images/063Z_book1.jpg HTTP/1.1" 404 - "http://localhost:3000/" "Mozilla/5.0 (Windows NT 6.1; Win64; x64) AppleWebKit/537.36 (KHTML, like Gecko) Chrome/72.0.3626.109 Safari/537.36"
::1 - - [18/Feb/2019:14:13:50 +0000] "GET / HTTP/1.1" 200 - "http://localhost:3000/admin/products" "Mozilla/5.0 (Windows NT 6.1; Win64; x64) AppleWebKit/537.36 (KHTML, like Gecko) Chrome/72.0.3626.109 Safari/537.36"
::1 - - [18/Feb/2019:14:13:50 +0000] "GET /css/main.css HTTP/1.1" 200 - "http://localhost:3000/" "Mozilla/5.0 (Windows NT 6.1; Win64; x64) AppleWebKit/537.36 (KHTML, like Gecko) Chrome/72.0.3626.109 Safari/537.36"
::1 - - [18/Feb/2019:14:13:50 +0000] "GET /css/product.css HTTP/1.1" 200 - "http://localhost:3000/" "Mozilla/5.0 (Windows NT 6.1; Win64; x64) AppleWebKit/537.36 (KHTML, like Gecko) Chrome/72.0.3626.109 Safari/537.36"
::1 - - [18/Feb/2019:14:13:50 +0000] "GET /js/main.js HTTP/1.1" 200 - "http://localhost:3000/" "Mozilla/5.0 (Windows NT 6.1; Win64; x64) AppleWebKit/537.36 (KHTML, like Gecko) Chrome/72.0.3626.109 Safari/537.36"
::1 - - [18/Feb/2019:14:13:50 +0000] "GET /images/063Z_book1.jpg HTTP/1.1" 200 2924532 "http://localhost:3000/" "Mozilla/5.0 (Windows NT 6.1; Win64; x64) AppleWebKit/537.36 (KHTML, like Gecko) Chrome/72.0.3626.109 Safari/537.36"
::1 - - [18/Feb/2019:14:13:51 +0000] "GET /images/favicon.ico HTTP/1.1" 200 318 "http://localhost:3000/" "Mozilla/5.0 (Windows NT 6.1; Win64; x64) AppleWebKit/537.36 (KHTML, like Gecko) Chrome/72.0.3626.109 Safari/537.36"
